[2020-10-06T00:23:02.341] [DEBUG] cheese - login => username:zs,password:123
[2020-10-06T00:23:02.343] [DEBUG] cheese - zs
[2020-10-06T00:23:02.357] [DEBUG] cheese - null
[2020-10-06T00:23:02.358] [DEBUG] cheese - null
[2020-10-06T00:23:15.618] [DEBUG] cheese - login => username:admin,password:123456
[2020-10-06T00:23:15.618] [DEBUG] cheese - admin
[2020-10-06T00:23:15.635] [DEBUG] cheese - null
[2020-10-06T00:23:15.636] [DEBUG] cheese - null
[2020-10-07T00:02:51.579] [DEBUG] cheese - login => username:admin,password:123456
[2020-10-07T00:02:51.582] [DEBUG] cheese - admin
[2020-10-07T00:02:51.622] [DEBUG] cheese - null
[2020-10-07T00:02:51.623] [DEBUG] cheese - null
[2020-10-07T11:09:30.319] [DEBUG] cheese - login => username:admin,password:123456
[2020-10-07T11:09:30.321] [DEBUG] cheese - admin
[2020-10-07T11:09:30.348] [DEBUG] cheese - null
[2020-10-07T11:09:30.348] [DEBUG] cheese - null
[2020-10-07T16:54:13.605] [DEBUG] cheese - login => username:zs11,password:123123
[2020-10-07T16:54:13.606] [DEBUG] cheese - zs11
[2020-10-07T16:54:13.619] [DEBUG] cheese - null
[2020-10-07T16:54:13.619] [DEBUG] cheese - null
[2020-10-07T16:56:07.312] [DEBUG] cheese - login => username:zs123,password:123123
[2020-10-07T16:56:07.313] [DEBUG] cheese - zs123
[2020-10-07T16:56:07.318] [DEBUG] cheese - null
[2020-10-07T16:56:07.318] [DEBUG] cheese - null
[2020-10-07T16:56:12.810] [DEBUG] cheese - login => username:admin,password:123456
[2020-10-07T16:56:12.810] [DEBUG] cheese - admin
[2020-10-07T16:56:12.816] [DEBUG] cheese - null
[2020-10-07T16:56:12.816] [DEBUG] cheese - null
[2020-10-07T17:37:28.238] [DEBUG] cheese - login => username:admin,password:123456
[2020-10-07T17:37:28.238] [DEBUG] cheese - admin
[2020-10-07T17:37:28.244] [DEBUG] cheese - null
[2020-10-07T17:37:28.244] [DEBUG] cheese - null
[2020-10-07T17:37:32.669] [DEBUG] cheese - login => username:admin1,password:123456
[2020-10-07T17:37:32.670] [DEBUG] cheese - admin1
[2020-10-07T17:37:32.673] [DEBUG] cheese - null
[2020-10-07T17:37:32.673] [DEBUG] cheese - null
[2020-10-07T17:41:04.036] [DEBUG] cheese - login => username:admin,password:123456
[2020-10-07T17:41:04.036] [DEBUG] cheese - admin
[2020-10-07T17:41:04.043] [DEBUG] cheese - null
[2020-10-07T17:41:04.043] [DEBUG] cheese - null
[2020-10-07T17:41:09.779] [DEBUG] cheese - login => username:admin,password:123456
[2020-10-07T17:41:09.779] [DEBUG] cheese - admin
[2020-10-07T17:41:09.784] [DEBUG] cheese - null
[2020-10-07T17:41:09.784] [DEBUG] cheese - null
[2020-10-07T17:42:38.935] [DEBUG] cheese - login => username:admin1,password:1234561
[2020-10-07T17:42:38.935] [DEBUG] cheese - admin1
[2020-10-07T17:42:38.943] [DEBUG] cheese - null
[2020-10-07T17:42:38.943] [DEBUG] cheese - null
[2020-10-07T17:42:43.357] [DEBUG] cheese - login => username:admin,password:123456
[2020-10-07T17:42:43.358] [DEBUG] cheese - admin
[2020-10-07T17:42:43.363] [DEBUG] cheese - null
[2020-10-07T17:42:43.363] [DEBUG] cheese - null
[2020-10-07T17:43:55.855] [DEBUG] cheese - login => username:admin,password:123456
[2020-10-07T17:43:55.855] [DEBUG] cheese - admin
[2020-10-07T17:43:55.862] [DEBUG] cheese - null
[2020-10-07T17:43:55.862] [DEBUG] cheese - null
[2020-10-07T17:45:52.112] [DEBUG] cheese - login => username:admin,password:123456
[2020-10-07T17:45:52.112] [DEBUG] cheese - admin
[2020-10-07T17:45:52.120] [DEBUG] cheese - null
[2020-10-07T17:45:52.120] [DEBUG] cheese - null
[2020-10-07T22:14:28.671] [DEBUG] cheese - login => username:admin,password:123456
[2020-10-07T22:14:28.672] [DEBUG] cheese - admin
[2020-10-07T22:14:28.683] [DEBUG] cheese - null
[2020-10-07T22:14:28.684] [DEBUG] cheese - null
[2020-10-07T22:15:55.563] [DEBUG] cheese - login => username:admin,password:123456
[2020-10-07T22:15:55.563] [DEBUG] cheese - admin
[2020-10-07T22:15:55.569] [DEBUG] cheese - null
[2020-10-07T22:15:55.569] [DEBUG] cheese - null
[2020-10-07T22:17:23.549] [DEBUG] cheese - login => username:admin,password:123456
[2020-10-07T22:17:23.549] [DEBUG] cheese - admin
[2020-10-07T22:17:23.553] [DEBUG] cheese - null
[2020-10-07T22:17:23.553] [DEBUG] cheese - null
[2020-10-07T22:18:06.742] [DEBUG] cheese - login => username:admin,password:123456
[2020-10-07T22:18:06.742] [DEBUG] cheese - admin
[2020-10-07T22:18:06.752] [DEBUG] cheese - null
[2020-10-07T22:18:06.752] [DEBUG] cheese - null
[2020-10-07T22:18:49.191] [DEBUG] cheese - login => username:admin,password:123456
[2020-10-07T22:18:49.191] [DEBUG] cheese - admin
[2020-10-07T22:18:49.195] [DEBUG] cheese - null
[2020-10-07T22:18:49.195] [DEBUG] cheese - null
[2020-10-08T00:07:57.043] [DEBUG] cheese - login => username:admin,password:123456
[2020-10-08T00:07:57.046] [DEBUG] cheese - admin
[2020-10-08T00:07:57.060] [DEBUG] cheese - null
[2020-10-08T00:07:57.060] [DEBUG] cheese - null
[2020-10-08T00:13:32.683] [DEBUG] cheese - login => username:admin,password:123456
[2020-10-08T00:13:32.683] [DEBUG] cheese - admin
[2020-10-08T00:13:32.689] [DEBUG] cheese - null
[2020-10-08T00:13:32.689] [DEBUG] cheese - null
[2020-10-08T10:53:09.356] [DEBUG] cheese - login => username:admin,password:123456
[2020-10-08T10:53:09.357] [DEBUG] cheese - admin
[2020-10-08T10:53:09.392] [DEBUG] cheese - null
[2020-10-08T10:53:09.392] [DEBUG] cheese - null
[2020-10-08T10:53:19.657] [DEBUG] cheese - login => username:admin,password:1234561
[2020-10-08T10:53:19.657] [DEBUG] cheese - admin
[2020-10-08T10:53:19.661] [DEBUG] cheese - null
[2020-10-08T10:53:19.661] [DEBUG] cheese - null
[2020-10-08T10:53:24.111] [DEBUG] cheese - login => username:admin1,password:123456
[2020-10-08T10:53:24.111] [DEBUG] cheese - admin1
[2020-10-08T10:53:24.113] [DEBUG] cheese - null
[2020-10-08T10:53:24.113] [DEBUG] cheese - null
[2020-10-08T11:07:40.851] [DEBUG] cheese - login => username:admin,password:123456
[2020-10-08T11:07:40.851] [DEBUG] cheese - admin
[2020-10-08T11:07:40.854] [DEBUG] cheese - null
[2020-10-08T11:07:40.854] [DEBUG] cheese - null
[2020-10-08T14:30:07.420] [DEBUG] cheese - login => username:admin,password:123456
[2020-10-08T14:30:07.422] [DEBUG] cheese - admin
[2020-10-08T14:30:07.447] [DEBUG] cheese - null
[2020-10-08T14:30:07.448] [DEBUG] cheese - null
[2020-10-08T15:02:58.644] [DEBUG] cheese - login => username:admin,password:123456
[2020-10-08T15:02:58.644] [DEBUG] cheese - admin
[2020-10-08T15:02:58.648] [DEBUG] cheese - null
[2020-10-08T15:02:58.648] [DEBUG] cheese - null
[2020-10-08T15:10:06.374] [DEBUG] cheese - login => username:admin,password:123456
[2020-10-08T15:10:06.374] [DEBUG] cheese - admin
[2020-10-08T15:10:06.377] [DEBUG] cheese - null
[2020-10-08T15:10:06.377] [DEBUG] cheese - null
[2020-10-08T16:25:09.304] [DEBUG] cheese - login => username:admin,password:123456
[2020-10-08T16:25:09.304] [DEBUG] cheese - admin
[2020-10-08T16:25:09.310] [DEBUG] cheese - null
[2020-10-08T16:25:09.310] [DEBUG] cheese - null
[2020-10-08T16:28:09.852] [DEBUG] cheese - login => username:admin,password:123456
[2020-10-08T16:28:09.852] [DEBUG] cheese - admin
[2020-10-08T16:28:09.856] [DEBUG] cheese - null
[2020-10-08T16:28:09.856] [DEBUG] cheese - null
[2020-10-08T16:28:35.080] [DEBUG] cheese - login => username:admin,password:123456
[2020-10-08T16:28:35.080] [DEBUG] cheese - admin
[2020-10-08T16:28:35.083] [DEBUG] cheese - null
[2020-10-08T16:28:35.083] [DEBUG] cheese - null
[2020-10-08T16:34:19.755] [DEBUG] cheese - login => username:admin,password:123456
[2020-10-08T16:34:19.755] [DEBUG] cheese - admin
[2020-10-08T16:34:19.758] [DEBUG] cheese - null
[2020-10-08T16:34:19.758] [DEBUG] cheese - null
[2020-10-08T16:43:31.480] [DEBUG] cheese - login => username:admin,password:123456
[2020-10-08T16:43:31.480] [DEBUG] cheese - admin
[2020-10-08T16:43:31.490] [DEBUG] cheese - null
[2020-10-08T16:43:31.490] [DEBUG] cheese - null
[2020-10-09T14:41:12.684] [DEBUG] cheese - login => username:admin,password:123456
[2020-10-09T14:41:12.686] [DEBUG] cheese - admin
[2020-10-09T14:41:12.721] [DEBUG] cheese - null
[2020-10-09T14:41:12.722] [DEBUG] cheese - null
[2020-10-09T14:41:19.285] [DEBUG] cheese - login => username:admin,password:123456
[2020-10-09T14:41:19.285] [DEBUG] cheese - admin
[2020-10-09T14:41:19.289] [DEBUG] cheese - null
[2020-10-09T14:41:19.289] [DEBUG] cheese - null
[2020-10-09T14:41:35.885] [DEBUG] cheese - login => username:admin,password:123456
[2020-10-09T14:41:35.885] [DEBUG] cheese - admin
[2020-10-09T14:41:35.890] [DEBUG] cheese - null
[2020-10-09T14:41:35.891] [DEBUG] cheese - null
[2020-10-10T09:29:10.040] [DEBUG] cheese - login => username:admin,password:123456
[2020-10-10T09:29:10.043] [DEBUG] cheese - admin
[2020-10-10T09:29:10.078] [DEBUG] cheese - null
[2020-10-10T09:29:10.079] [DEBUG] cheese - null
[2020-10-10T14:22:09.777] [DEBUG] cheese - login => username:admin,password:123456
[2020-10-10T14:22:09.779] [DEBUG] cheese - admin
[2020-10-10T14:22:09.819] [DEBUG] cheese - null
[2020-10-10T14:22:09.820] [DEBUG] cheese - null
[2020-10-10T14:22:20.361] [DEBUG] cheese - login => username:admin,password:123456
[2020-10-10T14:22:20.361] [DEBUG] cheese - admin
[2020-10-10T14:22:20.365] [DEBUG] cheese - null
[2020-10-10T14:22:20.366] [DEBUG] cheese - null
[2020-10-10T16:07:44.345] [DEBUG] cheese - login => username:admin,password:123456
[2020-10-10T16:07:44.347] [DEBUG] cheese - admin
[2020-10-10T16:07:44.352] [DEBUG] cheese - null
[2020-10-10T16:07:44.352] [DEBUG] cheese - null
[2020-10-11T19:57:27.392] [DEBUG] cheese - login => username:admin,password:123456
[2020-10-11T19:57:27.394] [DEBUG] cheese - admin
[2020-10-11T19:57:27.436] [DEBUG] cheese - null
[2020-10-11T19:57:27.436] [DEBUG] cheese - null
[2020-10-12T10:10:32.110] [DEBUG] cheese - login => username:admin,password:123456
[2020-10-12T10:10:32.112] [DEBUG] cheese - admin
[2020-10-12T10:10:32.154] [DEBUG] cheese - null
[2020-10-12T10:10:32.155] [DEBUG] cheese - null
[2020-10-12T14:27:35.919] [DEBUG] cheese - login => username:admin,password:123456
[2020-10-12T14:27:35.921] [DEBUG] cheese - admin
[2020-10-12T14:27:35.956] [DEBUG] cheese - null
[2020-10-12T14:27:35.957] [DEBUG] cheese - null
[2020-10-12T23:16:39.189] [DEBUG] cheese - login => username:admin,password:123456
[2020-10-12T23:16:39.190] [DEBUG] cheese - admin
[2020-10-12T23:16:39.226] [DEBUG] cheese - null
[2020-10-12T23:16:39.226] [DEBUG] cheese - null
[2020-10-12T23:37:48.989] [DEBUG] cheese - null
[2020-10-12T23:37:50.963] [DEBUG] cheese - null
[2020-10-12T23:39:18.829] [DEBUG] cheese - null
[2020-10-12T23:39:21.160] [DEBUG] cheese - null
[2020-10-12T23:39:23.330] [DEBUG] cheese - null
[2020-10-12T23:39:34.383] [DEBUG] cheese - null
[2020-10-12T23:41:53.218] [DEBUG] cheese - null
[2020-10-12T23:43:47.624] [DEBUG] cheese - null
[2020-10-12T23:44:21.708] [DEBUG] cheese - null
[2020-10-13T09:22:20.073] [DEBUG] cheese - login => username:admin,password:123456
[2020-10-13T09:22:20.076] [DEBUG] cheese - admin
[2020-10-13T09:22:20.118] [DEBUG] cheese - null
[2020-10-13T09:22:20.119] [DEBUG] cheese - null
[2020-10-13T09:55:45.454] [DEBUG] cheese - login => username:admin,password:123456
[2020-10-13T09:55:45.454] [DEBUG] cheese - admin
[2020-10-13T09:55:45.460] [DEBUG] cheese - null
[2020-10-13T09:55:45.460] [DEBUG] cheese - null
[2020-10-13T10:52:32.991] [DEBUG] cheese - null
[2020-10-13T14:10:28.924] [DEBUG] cheese - login => username:admin,password:123456
[2020-10-13T14:10:28.927] [DEBUG] cheese - admin
[2020-10-13T14:10:28.973] [DEBUG] cheese - null
[2020-10-13T14:10:28.974] [DEBUG] cheese - null
[2020-10-13T14:33:23.075] [DEBUG] cheese - login => username:admin,password:123456
[2020-10-13T14:33:23.075] [DEBUG] cheese - admin
[2020-10-13T14:33:23.081] [DEBUG] cheese - null
[2020-10-13T14:33:23.081] [DEBUG] cheese - null
[2020-10-13T22:37:21.855] [DEBUG] cheese - login => username:admin,password:123456
[2020-10-13T22:37:21.857] [DEBUG] cheese - admin
[2020-10-13T22:37:21.894] [DEBUG] cheese - null
[2020-10-13T22:37:21.894] [DEBUG] cheese - null
[2020-10-13T23:31:48.831] [DEBUG] cheese - login => username:admin,password:123456
[2020-10-13T23:31:48.831] [DEBUG] cheese - admin
[2020-10-13T23:31:48.834] [DEBUG] cheese - null
[2020-10-13T23:31:48.834] [DEBUG] cheese - null
[2020-10-14T08:40:10.206] [DEBUG] cheese - login => username:admin,password:123456
[2020-10-14T08:40:10.208] [DEBUG] cheese - admin
[2020-10-14T08:40:10.258] [DEBUG] cheese - null
[2020-10-14T08:40:10.259] [DEBUG] cheese - null
[2020-10-14T09:37:45.612] [DEBUG] cheese - login => username:admin,password:123456
[2020-10-14T09:37:45.614] [DEBUG] cheese - admin
[2020-10-14T09:37:45.622] [DEBUG] cheese - null
[2020-10-14T09:37:45.623] [DEBUG] cheese - null
[2020-10-14T09:58:27.249] [DEBUG] cheese - login => username:admin,password:123456
[2020-10-14T09:58:27.252] [DEBUG] cheese - admin
[2020-10-14T09:58:27.270] [DEBUG] cheese - null
[2020-10-14T09:58:27.271] [DEBUG] cheese - null
[2020-10-14T16:31:35.457] [DEBUG] cheese - login => username:admin,password:123456
[2020-10-14T16:31:35.458] [DEBUG] cheese - admin
[2020-10-14T16:31:35.498] [DEBUG] cheese - null
[2020-10-14T16:31:35.498] [DEBUG] cheese - null
[2020-10-15T11:29:23.038] [DEBUG] cheese - login => username:admin,password:123456
[2020-10-15T11:29:23.042] [DEBUG] cheese - admin
[2020-10-15T11:29:23.096] [DEBUG] cheese - null
[2020-10-15T11:29:23.097] [DEBUG] cheese - null
[2020-10-15T15:02:53.591] [DEBUG] cheese - login => username:admin,password:123456
[2020-10-15T15:02:53.592] [DEBUG] cheese - admin
[2020-10-15T15:02:53.620] [DEBUG] cheese - null
[2020-10-15T15:02:53.620] [DEBUG] cheese - null
[2020-10-15T21:11:24.984] [DEBUG] cheese - login => username:admin,password:123456
[2020-10-15T21:11:24.986] [DEBUG] cheese - admin
[2020-10-15T21:11:25.012] [DEBUG] cheese - null
[2020-10-15T21:11:25.012] [DEBUG] cheese - null
[2020-10-16T15:24:09.248] [DEBUG] cheese - login => username:admin,password:123456
[2020-10-16T15:24:09.249] [DEBUG] cheese - admin
[2020-10-16T15:24:09.281] [DEBUG] cheese - null
[2020-10-16T15:24:09.282] [DEBUG] cheese - null
[2020-10-17T16:30:26.870] [DEBUG] cheese - login => username:admin,password:123456
[2020-10-17T16:30:26.872] [DEBUG] cheese - admin
[2020-10-17T16:30:26.916] [DEBUG] cheese - null
[2020-10-17T16:30:26.917] [DEBUG] cheese - null
[2020-10-17T18:24:55.879] [DEBUG] cheese - login => username:admin,password:123456
[2020-10-17T18:24:55.881] [DEBUG] cheese - admin
[2020-10-17T18:24:55.886] [DEBUG] cheese - null
[2020-10-17T18:24:55.887] [DEBUG] cheese - null
[2020-10-20T00:12:15.661] [DEBUG] cheese - login => username:admin,password:123456
[2020-10-20T00:12:15.663] [DEBUG] cheese - admin
[2020-10-20T00:12:15.711] [DEBUG] cheese - null
[2020-10-20T00:12:15.712] [DEBUG] cheese - null
[2020-10-20T14:32:46.389] [DEBUG] cheese - login => username:admin,password:123456
[2020-10-20T14:32:46.391] [DEBUG] cheese - admin
[2020-10-20T14:32:46.427] [DEBUG] cheese - null
[2020-10-20T14:32:46.427] [DEBUG] cheese - null
[2020-10-20T17:20:06.519] [DEBUG] cheese - login => username:admin,password:123456
[2020-10-20T17:20:06.521] [DEBUG] cheese - admin
[2020-10-20T17:20:06.525] [DEBUG] cheese - null
[2020-10-20T17:20:06.525] [DEBUG] cheese - null
[2020-10-20T20:28:57.592] [DEBUG] cheese - login => username:admin,password:123456
[2020-10-20T20:28:57.594] [DEBUG] cheese - admin
[2020-10-20T20:28:57.600] [DEBUG] cheese - null
[2020-10-20T20:28:57.601] [DEBUG] cheese - null
[2020-10-21T10:46:37.388] [DEBUG] cheese - login => username:admin,password:123456
[2020-10-21T10:46:37.391] [DEBUG] cheese - admin
[2020-10-21T10:46:37.434] [DEBUG] cheese - null
[2020-10-21T10:46:37.435] [DEBUG] cheese - null
[2020-10-22T13:46:43.973] [DEBUG] cheese - login => username:admin,password:123456
[2020-10-22T13:46:43.974] [DEBUG] cheese - admin
[2020-10-22T13:46:44.003] [DEBUG] cheese - null
[2020-10-22T13:46:44.004] [DEBUG] cheese - null
[2020-10-22T20:01:27.374] [DEBUG] cheese - login => username:admin,password:123456
[2020-10-22T20:01:27.376] [DEBUG] cheese - admin
[2020-10-22T20:01:27.392] [DEBUG] cheese - null
[2020-10-22T20:01:27.393] [DEBUG] cheese - null
[2020-10-23T10:35:31.011] [DEBUG] cheese - login => username:admin,password:123456
[2020-10-23T10:35:31.015] [DEBUG] cheese - admin
[2020-10-23T10:35:31.059] [DEBUG] cheese - null
[2020-10-23T10:35:31.060] [DEBUG] cheese - null
[2020-10-23T14:42:34.521] [DEBUG] cheese - login => username:admin,password:123456
[2020-10-23T14:42:34.524] [DEBUG] cheese - admin
[2020-10-23T14:42:34.537] [DEBUG] cheese - null
[2020-10-23T14:42:34.538] [DEBUG] cheese - null
[2020-10-23T15:04:28.722] [DEBUG] cheese - null
[2020-10-23T20:02:03.845] [DEBUG] cheese - login => username:admin,password:123456
[2020-10-23T20:02:03.847] [DEBUG] cheese - admin
[2020-10-23T20:02:03.886] [DEBUG] cheese - null
[2020-10-23T20:02:03.887] [DEBUG] cheese - null
[2020-10-23T20:33:16.291] [DEBUG] cheese - login => username:admin,password:123456
[2020-10-23T20:33:16.292] [DEBUG] cheese - admin
[2020-10-23T20:33:16.295] [DEBUG] cheese - login => username:admin,password:123456
[2020-10-23T20:33:16.295] [DEBUG] cheese - admin
[2020-10-23T20:33:16.297] [DEBUG] cheese - login => username:admin,password:123456
[2020-10-23T20:33:16.297] [DEBUG] cheese - admin
[2020-10-23T20:33:16.299] [DEBUG] cheese - login => username:admin,password:123456
[2020-10-23T20:33:16.299] [DEBUG] cheese - admin
[2020-10-23T20:33:16.302] [DEBUG] cheese - login => username:admin,password:123456
[2020-10-23T20:33:16.302] [DEBUG] cheese - admin
[2020-10-23T20:33:16.319] [DEBUG] cheese - null
[2020-10-23T20:33:16.320] [DEBUG] cheese - null
[2020-10-23T20:33:16.440] [DEBUG] cheese - null
[2020-10-23T20:33:16.440] [DEBUG] cheese - null
[2020-10-23T20:33:16.583] [DEBUG] cheese - null
[2020-10-23T20:33:16.583] [DEBUG] cheese - null
[2020-10-23T20:33:16.682] [DEBUG] cheese - null
[2020-10-23T20:33:16.683] [DEBUG] cheese - null
[2020-10-23T20:33:16.780] [DEBUG] cheese - null
[2020-10-23T20:33:16.780] [DEBUG] cheese - null
[2020-10-23T20:33:16.879] [DEBUG] cheese - login => username:admin,password:123456
[2020-10-23T20:33:16.879] [DEBUG] cheese - admin
[2020-10-23T20:33:16.894] [DEBUG] cheese - null
[2020-10-23T20:33:16.895] [DEBUG] cheese - null
[2020-10-23T20:59:35.490] [DEBUG] cheese - login => username:admin,password:123456
[2020-10-23T20:59:35.492] [DEBUG] cheese - admin
[2020-10-23T20:59:35.498] [DEBUG] cheese - null
[2020-10-23T20:59:35.498] [DEBUG] cheese - null
[2020-10-23T21:28:57.997] [DEBUG] cheese - login => username:admin,password:123456
[2020-10-23T21:28:57.998] [DEBUG] cheese - admin
[2020-10-23T21:28:58.007] [DEBUG] cheese - null
[2020-10-23T21:28:58.008] [DEBUG] cheese - null
[2020-10-23T21:34:15.999] [DEBUG] cheese - login => username:admin,password:123456
[2020-10-23T21:34:16.001] [DEBUG] cheese - admin
[2020-10-23T21:34:16.005] [DEBUG] cheese - null
[2020-10-23T21:34:16.006] [DEBUG] cheese - null
[2020-10-23T21:34:33.069] [DEBUG] cheese - login => username:admin,password:123456
[2020-10-23T21:34:33.069] [DEBUG] cheese - admin
[2020-10-23T21:34:33.079] [DEBUG] cheese - null
[2020-10-23T21:34:33.080] [DEBUG] cheese - null
[2020-10-23T21:34:37.419] [DEBUG] cheese - login => username:admin,password:123456
[2020-10-23T21:34:37.419] [DEBUG] cheese - admin
[2020-10-23T21:34:37.429] [DEBUG] cheese - null
[2020-10-23T21:34:37.430] [DEBUG] cheese - null
[2020-10-23T21:35:59.362] [DEBUG] cheese - login => username:admin,password:123456
[2020-10-23T21:35:59.362] [DEBUG] cheese - admin
[2020-10-23T21:35:59.380] [DEBUG] cheese - null
[2020-10-23T21:35:59.380] [DEBUG] cheese - null
[2020-10-23T21:40:36.997] [DEBUG] cheese - login => username:admin,password:123456
[2020-10-23T21:40:36.997] [DEBUG] cheese - admin
[2020-10-23T21:40:37.002] [DEBUG] cheese - null
[2020-10-23T21:40:37.002] [DEBUG] cheese - null
[2020-10-23T21:53:00.556] [DEBUG] cheese - login => username:admin,password:123456
[2020-10-23T21:53:00.556] [DEBUG] cheese - admin
[2020-10-23T21:53:00.559] [DEBUG] cheese - null
[2020-10-23T21:53:00.559] [DEBUG] cheese - null
[2020-10-23T21:56:13.047] [DEBUG] cheese - login => username:admin,password:123456
[2020-10-23T21:56:13.047] [DEBUG] cheese - admin
[2020-10-23T21:56:13.066] [DEBUG] cheese - null
[2020-10-23T21:56:13.066] [DEBUG] cheese - null
[2020-10-24T14:20:44.455] [DEBUG] cheese - login => username:admin,password:123456
[2020-10-24T14:20:44.456] [DEBUG] cheese - admin
[2020-10-24T14:20:44.488] [DEBUG] cheese - null
[2020-10-24T14:20:44.488] [DEBUG] cheese - null
[2020-10-25T00:58:13.171] [DEBUG] cheese - login => username:admin,password:123456
[2020-10-25T00:58:13.173] [DEBUG] cheese - admin
[2020-10-25T00:58:13.197] [DEBUG] cheese - null
[2020-10-25T00:58:13.198] [DEBUG] cheese - null
[2020-10-25T01:03:47.736] [DEBUG] cheese - login => username:admin,password:123456
[2020-10-25T01:03:47.737] [DEBUG] cheese - admin
[2020-10-25T01:03:47.740] [DEBUG] cheese - null
[2020-10-25T01:03:47.741] [DEBUG] cheese - null
[2020-10-25T14:41:04.359] [DEBUG] cheese - login => username:admin,password:123456
[2020-10-25T14:41:04.361] [DEBUG] cheese - admin
[2020-10-25T14:41:04.404] [DEBUG] cheese - null
[2020-10-25T14:41:04.406] [DEBUG] cheese - null
[2020-10-25T16:46:11.298] [DEBUG] cheese - login => username:admin,password:123456
[2020-10-25T16:46:11.304] [DEBUG] cheese - admin
[2020-10-25T16:46:11.315] [DEBUG] cheese - null
[2020-10-25T16:46:11.315] [DEBUG] cheese - null
[2020-10-25T16:49:06.086] [DEBUG] cheese - login => username:admin,password:123456
[2020-10-25T16:49:06.086] [DEBUG] cheese - admin
[2020-10-25T16:49:06.093] [DEBUG] cheese - null
[2020-10-25T16:49:06.094] [DEBUG] cheese - null
[2020-10-26T00:01:40.233] [DEBUG] cheese - login => username:admin,password:123456
[2020-10-26T00:01:40.238] [DEBUG] cheese - admin
[2020-10-26T00:01:40.275] [DEBUG] cheese - null
[2020-10-26T00:01:40.275] [DEBUG] cheese - null
[2020-10-26T00:13:04.450] [DEBUG] cheese - login => username:admin,password:123456
[2020-10-26T00:13:04.452] [DEBUG] cheese - admin
[2020-10-26T00:13:04.455] [DEBUG] cheese - null
[2020-10-26T00:13:04.455] [DEBUG] cheese - null
[2020-10-26T00:24:56.536] [DEBUG] cheese - login => username:admin,password:123456
[2020-10-26T00:24:56.539] [DEBUG] cheese - admin
[2020-10-26T00:24:56.550] [DEBUG] cheese - null
[2020-10-26T00:24:56.551] [DEBUG] cheese - null
[2020-10-26T00:44:32.042] [DEBUG] cheese - login => username:admin,password:123456
[2020-10-26T00:44:32.043] [DEBUG] cheese - admin
[2020-10-26T00:44:32.047] [DEBUG] cheese - null
[2020-10-26T00:44:32.047] [DEBUG] cheese - null
[2020-10-26T00:55:37.819] [DEBUG] cheese - login => username:admin,password:123456
[2020-10-26T00:55:37.820] [DEBUG] cheese - admin
[2020-10-26T00:55:37.823] [DEBUG] cheese - null
[2020-10-26T00:55:37.824] [DEBUG] cheese - null
[2020-10-26T10:06:36.986] [DEBUG] cheese - login => username:admin,password:123456
[2020-10-26T10:06:36.988] [DEBUG] cheese - admin
[2020-10-26T10:06:37.027] [DEBUG] cheese - null
[2020-10-26T10:06:37.027] [DEBUG] cheese - null
[2020-10-26T10:24:07.787] [DEBUG] cheese - login => username:admin,password:123456
[2020-10-26T10:24:07.790] [DEBUG] cheese - admin
[2020-10-26T10:24:07.800] [DEBUG] cheese - null
[2020-10-26T10:24:07.801] [DEBUG] cheese - null
[2020-10-26T10:34:19.845] [DEBUG] cheese - login => username:admin,password:123456
[2020-10-26T10:34:19.847] [DEBUG] cheese - admin
[2020-10-26T10:34:19.856] [DEBUG] cheese - null
[2020-10-26T10:34:19.857] [DEBUG] cheese - null
[2020-10-26T10:35:25.051] [DEBUG] cheese - login => username:admin,password:123456
[2020-10-26T10:35:25.051] [DEBUG] cheese - admin
[2020-10-26T10:35:25.056] [DEBUG] cheese - null
[2020-10-26T10:35:25.056] [DEBUG] cheese - null
[2020-10-26T10:36:08.653] [DEBUG] cheese - login => username:admin,password:123456
[2020-10-26T10:36:08.653] [DEBUG] cheese - admin
[2020-10-26T10:36:08.656] [DEBUG] cheese - null
[2020-10-26T10:36:08.656] [DEBUG] cheese - null
[2020-10-26T10:40:55.633] [DEBUG] cheese - login => username:admin,password:123456
[2020-10-26T10:40:55.633] [DEBUG] cheese - admin
[2020-10-26T10:40:55.637] [DEBUG] cheese - null
[2020-10-26T10:40:55.637] [DEBUG] cheese - null
[2020-10-26T17:19:30.267] [DEBUG] cheese - login => username:admin,password:123456
[2020-10-26T17:19:30.269] [DEBUG] cheese - admin
[2020-10-26T17:19:30.301] [DEBUG] cheese - null
[2020-10-26T17:19:30.301] [DEBUG] cheese - null
[2020-10-26T17:24:35.638] [DEBUG] cheese - login => username:admin,password:123456
[2020-10-26T17:24:35.639] [DEBUG] cheese - admin
[2020-10-26T17:24:35.651] [DEBUG] cheese - null
[2020-10-26T17:24:35.651] [DEBUG] cheese - null
[2020-10-26T17:25:24.908] [DEBUG] cheese - login => username:admin,password:123456
[2020-10-26T17:25:24.908] [DEBUG] cheese - admin
[2020-10-26T17:25:24.913] [DEBUG] cheese - null
[2020-10-26T17:25:24.913] [DEBUG] cheese - null
[2020-10-26T17:26:18.610] [DEBUG] cheese - login => username:admin,password:123456
[2020-10-26T17:26:18.610] [DEBUG] cheese - admin
[2020-10-26T17:26:18.616] [DEBUG] cheese - null
[2020-10-26T17:26:18.616] [DEBUG] cheese - null
[2020-10-26T18:12:34.638] [DEBUG] cheese - login => username:admin,password:123456
[2020-10-26T18:12:34.640] [DEBUG] cheese - admin
[2020-10-26T18:12:34.655] [DEBUG] cheese - null
[2020-10-26T18:12:34.655] [DEBUG] cheese - null
[2020-11-07T16:14:20.271] [DEBUG] cheese - login => username:admin,password:123456
[2020-11-07T16:14:20.277] [DEBUG] cheese - admin
[2020-11-07T16:14:20.336] [DEBUG] cheese - null
[2020-11-07T16:14:20.337] [DEBUG] cheese - null
[2020-11-09T15:42:44.565] [DEBUG] cheese - login => username:admin,password:123456
[2020-11-09T15:42:44.570] [DEBUG] cheese - admin
[2020-11-09T15:42:44.616] [DEBUG] cheese - null
[2020-11-09T15:42:44.616] [DEBUG] cheese - null
[2020-11-09T15:46:56.566] [DEBUG] cheese - login => username:admin,password:123456
[2020-11-09T15:46:56.566] [DEBUG] cheese - admin
[2020-11-09T15:46:56.571] [DEBUG] cheese - null
[2020-11-09T15:46:56.571] [DEBUG] cheese - null
[2020-11-09T15:47:24.153] [DEBUG] cheese - login => username:admin,password:123456
[2020-11-09T15:47:24.153] [DEBUG] cheese - admin
[2020-11-09T15:47:24.158] [DEBUG] cheese - null
[2020-11-09T15:47:24.158] [DEBUG] cheese - null
[2020-11-26T13:48:35.470] [DEBUG] cheese - login => username:admin,password:123456
[2020-11-26T13:48:35.473] [DEBUG] cheese - admin
[2020-11-26T13:48:35.523] [DEBUG] cheese - null
[2020-11-26T13:48:35.524] [DEBUG] cheese - null
[2020-11-26T13:52:42.692] [DEBUG] cheese - login => username:admin,password:123456
[2020-11-26T13:52:42.694] [DEBUG] cheese - admin
[2020-11-26T13:52:42.700] [DEBUG] cheese - null
[2020-11-26T13:52:42.701] [DEBUG] cheese - null
[2020-11-26T13:55:32.730] [DEBUG] cheese - login => username:admin,password:123456
[2020-11-26T13:55:32.731] [DEBUG] cheese - admin
[2020-11-26T13:55:32.736] [DEBUG] cheese - null
[2020-11-26T13:55:32.736] [DEBUG] cheese - null
[2020-11-26T14:03:15.977] [DEBUG] cheese - login => username:admin,password:123456
[2020-11-26T14:03:15.977] [DEBUG] cheese - admin
[2020-11-26T14:03:15.981] [DEBUG] cheese - null
[2020-11-26T14:03:15.981] [DEBUG] cheese - null
[2020-11-26T14:21:10.869] [DEBUG] cheese - login => username:admin,password:123456
[2020-11-26T14:21:10.869] [DEBUG] cheese - admin
[2020-11-26T14:21:10.873] [DEBUG] cheese - null
[2020-11-26T14:21:10.873] [DEBUG] cheese - null
[2020-11-26T14:46:44.505] [DEBUG] cheese - login => username:admin,password:123456
[2020-11-26T14:46:44.505] [DEBUG] cheese - admin
[2020-11-26T14:46:44.511] [DEBUG] cheese - null
[2020-11-26T14:46:44.511] [DEBUG] cheese - null
[2020-11-26T14:55:35.957] [DEBUG] cheese - login => username:admin,password:123456
[2020-11-26T14:55:35.958] [DEBUG] cheese - admin
[2020-11-26T14:55:35.963] [DEBUG] cheese - null
[2020-11-26T14:55:35.963] [DEBUG] cheese - null
[2020-11-26T15:04:11.404] [DEBUG] cheese - login => username:admin,password:123456
[2020-11-26T15:04:11.405] [DEBUG] cheese - admin
[2020-11-26T15:04:11.408] [DEBUG] cheese - null
[2020-11-26T15:04:11.409] [DEBUG] cheese - null
[2020-11-26T15:10:51.294] [DEBUG] cheese - login => username:admin,password:123456
[2020-11-26T15:10:51.294] [DEBUG] cheese - admin
[2020-11-26T15:10:51.299] [DEBUG] cheese - null
[2020-11-26T15:10:51.299] [DEBUG] cheese - null
[2020-11-26T15:15:55.915] [DEBUG] cheese - login => username:admin,password:123456
[2020-11-26T15:15:55.916] [DEBUG] cheese - admin
[2020-11-26T15:15:55.919] [DEBUG] cheese - null
[2020-11-26T15:15:55.919] [DEBUG] cheese - null
[2020-11-26T15:22:29.987] [DEBUG] cheese - login => username:admin,password:123456
[2020-11-26T15:22:29.987] [DEBUG] cheese - admin
[2020-11-26T15:22:29.991] [DEBUG] cheese - null
[2020-11-26T15:22:29.991] [DEBUG] cheese - null
[2020-11-26T16:37:41.336] [DEBUG] cheese - login => username:admin,password:123456
[2020-11-26T16:37:41.341] [DEBUG] cheese - admin
[2020-11-26T16:37:41.395] [DEBUG] cheese - null
[2020-11-26T16:37:41.396] [DEBUG] cheese - null
[2020-11-26T16:41:35.225] [DEBUG] cheese - login => username:admin,password:123456
[2020-11-26T16:41:35.228] [DEBUG] cheese - admin
[2020-11-26T16:41:35.234] [DEBUG] cheese - null
[2020-11-26T16:41:35.235] [DEBUG] cheese - null
[2020-11-26T16:42:00.233] [DEBUG] cheese - login => username:admin,password:123456
[2020-11-26T16:42:00.234] [DEBUG] cheese - admin
[2020-11-26T16:42:00.237] [DEBUG] cheese - null
[2020-11-26T16:42:00.238] [DEBUG] cheese - null
[2020-11-26T16:42:50.461] [DEBUG] cheese - login => username:admin,password:123456
[2020-11-26T16:42:50.461] [DEBUG] cheese - admin
[2020-11-26T16:42:50.464] [DEBUG] cheese - null
[2020-11-26T16:42:50.464] [DEBUG] cheese - null
[2020-11-26T16:46:11.571] [DEBUG] cheese - login => username:admin,password:123456
[2020-11-26T16:46:11.571] [DEBUG] cheese - admin
[2020-11-26T16:46:11.575] [DEBUG] cheese - null
[2020-11-26T16:46:11.575] [DEBUG] cheese - null
[2020-11-26T16:46:26.889] [DEBUG] cheese - login => username:admin,password:123456
[2020-11-26T16:46:26.889] [DEBUG] cheese - admin
[2020-11-26T16:46:26.892] [DEBUG] cheese - null
[2020-11-26T16:46:26.892] [DEBUG] cheese - null
[2020-11-26T16:46:49.186] [DEBUG] cheese - login => username:admin,password:123456
[2020-11-26T16:46:49.186] [DEBUG] cheese - admin
[2020-11-26T16:46:49.190] [DEBUG] cheese - null
[2020-11-26T16:46:49.190] [DEBUG] cheese - null
[2020-11-26T16:47:15.278] [DEBUG] cheese - login => username:admin,password:123456
[2020-11-26T16:47:15.279] [DEBUG] cheese - admin
[2020-11-26T16:47:15.282] [DEBUG] cheese - null
[2020-11-26T16:47:15.282] [DEBUG] cheese - null
[2020-11-26T16:56:24.895] [DEBUG] cheese - login => username:admin,password:123456
[2020-11-26T16:56:24.898] [DEBUG] cheese - admin
[2020-11-26T16:56:24.906] [DEBUG] cheese - null
[2020-11-26T16:56:24.907] [DEBUG] cheese - null
[2020-11-29T12:36:29.487] [DEBUG] cheese - login => username:admin,password:123456
[2020-11-29T12:36:29.489] [DEBUG] cheese - admin
[2020-11-29T12:36:29.522] [DEBUG] cheese - null
[2020-11-29T12:36:29.523] [DEBUG] cheese - null
[2020-12-06T20:08:02.311] [DEBUG] cheese - login => username:admin,password:123456
[2020-12-06T20:08:02.315] [DEBUG] cheese - admin
[2020-12-06T20:08:02.380] [DEBUG] cheese - null
[2020-12-06T20:08:02.380] [DEBUG] cheese - null
[2020-12-07T20:24:44.154] [DEBUG] cheese - login => username:admin,password:123456
[2020-12-07T20:24:44.158] [DEBUG] cheese - admin
[2020-12-07T20:24:44.207] [DEBUG] cheese - null
[2020-12-07T20:24:44.208] [DEBUG] cheese - null
